katoru
frau
fyunfu
maria
shete
okuto
nio
eseru
10
Update success!
No such data!
No such data!
21
43
42
32
53
55
64
76
85
Delete success!
Update success!
1 21 uno
4 32 gaizenboga
11 36 shisu
12 24 hazerira
23 12 esutariora
25 0 katserira
Update success!
Update success!
Delete success!
kaimu
okuto
roberia
nioo
esutariora
katserira
24
No such data!
Update success!
No such data!
No such data!
58
Update success!
1 58 urara
3 79 son
4 69 gaizenboga
Update success!
Delete success!
No such data!
1 58 urara
3 79 son
4 69 gaizenboga
5 53 sarasa
6 55 aranan
7 64 katoru
8 76 frau
9 85 fyunfu
10 88 maria
11 80 shisu
12 68 hazerira
13 84 shete
14 58 kaimu
15 65 okuto
16 83 roberia
