5803611
75608813
33002467
73204950
37772350
94035137
10789982
10529688
8211357
23790396
14240388
2716969
59218908
95555734
12211036
55272057
63785369
28147733
78979667
72855724
50348618
1485437
68509201
61930287
70748246
97277046
10627886
99746482
47785170
99697296
41017470
10546695
51704472
85237456
51480345
20908981
12852404
14383262
16836839
20043063
96712243
50805978
57657103
27979854
60325422
27874964
85375184
90460442
7257142
42241458
33829907
89703025
22804520
3884198
17824345
90562849
77309732
74724659
47151494
93426216
69056629
37033227
8332273
31198604
88538064
63960652
70213242
95447226
41726458
87987133
86258779
27860588
88857857
38542609
30967531
74966558
48874676
4531180
22375764
30063600
51397743
19085519
63544428
82289930
4677024
21947691
97673415
73365513
32049904
72110358
43216320
12320868
90351742
96858769
69799773
17629003
40675906
78830064
12389003
78722915
17604616
63781094
66322017
62162604
63837230
46264427
18501973
142249
80929638
44683477
75733145
19926685
30398051
81693227
90738509
46047992
99655515
15152074
84036709
68348350
91922880
38453529
58116341
19328090
54276281
35654280
60850118
11911586
99903752
72684537
76266799
59287230
87060881
13635970
52128300
67238590
76632802
14617857
19561298
51542178
4835665
59249029
26787295
71219072
53799483
6989229
4473516
86601167
55977520
92836870
56884712
20171026
19135406
70465150
51809861
68424878
61846692
52499943
92525093
10426834
51877546
43200726
4322715
93091615
73898783
95519145
73002287
32617883
70543924
23526269
17534450
87621452
75737029
44767596
54156972
51809281
47533234
19393544
20180812
89072194
49171709
71805992
48292789
39577375
76383507
84690473
72902626
27811659
30761936
75203452
42811761
89507060
62939787
36541624
5884797
51733902
81903443
63443541
33606264
14139672
34835057
91993652
5740368
83199623
31124254
44687723
94892247
60319023
1428423
68800643
84689989
25327882
5569332
14286623
34030263
85121707
15871405
11111903
40938662
95212465
96900987
80693875
27355917
73343246
2331924
29425956
20341862
66111601
74822102
5429283
42848340
52548371
72994141
1747218
12109227
74188864
71824910
37068612
71099233
95222014
29686460
36220149
7662192
2738232
92273048
53917601
19737230
92612852
31616068
78796411
27521262
77411519
10765149
45217343
87993696
80198652
89827397
29269776
31739013
82571398
11971172
65170673
16470446
75880351
29933024
28056038
32327237
79840768
81064662
32150779
53687026
78259367
76204844
39845794
13493452
73808049
7717956
86027788
41292985
18276158
71905008
71296860
7815033
99812351
9741982
26971745
97271010
77500005
39887508
13680375
24620083
36391046
54958561
36902723
93366572
98514068
52836739
32844185
98240649
82880633
86136528
77525408
19268949
49674449
28207274
86672032
86453600
77105591
34014455
34593136
20777833
66585646
81566777
92358416
24025859
40494170
17171648
61770245
70069896
2704127
69263549
96420436
5671515
7232061
12248955
26728191
93175342
80760115
16120684
30105867
47654075
57287056
84841853
9707666
29817856
735523
62663499
64655883
57407025
41689077
90000543
99499759
14969827
11293124
49854262
92667951
82507770
65656651
56653810
87605634
99425234
68773117
11365215
37421243
70990551
24948347
3251089
36732469
25947848
40426244
90407985
68839686
99560023
38617778
74590854
69944637
59065863
73611348
34722489
69880802
4874661
15127623
88944923
55299752
30469225
9463143
35745171
47665496
85637827
93543213
97590810
18622921
23168455
32211473
44004053
80360884
25211259
63107805
82888837
13098569
24124592
81919088
16988105
67534062
86985071
22348930
31666803
4998702
36049883
74828391
30127405
66298414
76590439
61220686
7362774
80345138
61172127
27037350
2408248
4895485
49372783
5213592
19675530
51931801
48075060
22364455
30205474
84606630
95091415
82575290
42766745
26435275
84153455
53286985
1446180
71114272
87346306
3901150
57919900
58067840
19339691
43081113
32496889
85493861
95452608
3085037
803441
20165495
84154526
18981356
27149841
17215451
81630011
58129237
41048554
37669038
79221194
15224917
56747698
98488673
60627725
28151965
17470684
46970416
47615341
48904254
40336535
69482473
84131058
58991423
59394588
71189072
1479754
60267911
61098978
55370472
43714017
29743813
69559541
99909524
18709785
67906325
14093036
45736103
45765174
57749439
94130243
17454768
76095368
51631288
83718047
71356958
65864004
82610393
26670516
61085613
22481131
45422664
85951821
20698629
84792615
36404915
90769785
52974420
30883737
15138910
31664501
66171147
70306836
53439436
36344393
86341449
2876631
89998233
15676077
67201261
30513768
67338552
39477604
51571764
55343239
21664219
9513542
14226771
8626566
69659058
63316549
58383445
9441598
54353368
99250860
40492742
73145739
40384177
81572713
20839338
46461748
32847705
65972412
83822659
64370584
22867688
18385791
48701520
63281179
81278240
75479507
51875048
849517
2241633
41779812
2224724
13764881
39092195
85585110
38171833
4152830
41140726
66956586
64461958
8432615
82675485
76146622
80432005
28610443
94105903
40193255
30214646
63775467
21629586
66550787
90219551
47815016
13382851
44164289
71731801
91469422
46337781
6687519
6812998
28307536
12642473
72894252
13650473
15711275
6717875
47671748
95383229
6339769
90357140
57227600
81187187
6933363
5574124
85829663
91921484
98998122
48287638
39990705
6885927
71334834
36203493
48715913
59695206
85540106
76364140
24895630
48514950
52218154
56860751
53417136
99769428
8194994
43120386
99755974
75135121
31303302
69585108
79599641
49496691
56260177
31836975
98403690
35665734
56166438
18766680
60179554
67669487
28365029
61332113
28726107
57919540
21920963
74029150
98896214
26298714
34827751
26962889
39333520
59268820
88574421
68476956
97185970
19498121
56166970
6997866
81689603
10555754
71780410
71690969
73892603
85071293
76049422
94397753
14503580
4622608
11241771
18151273
28518966
73089669
66325953
64522968
5543466
79271202
55479496
15011941
49251627
99745273
58735443
13145659
99915680
8686723
82457323
11605278
63079457
64725739
64903389
82647422
40336997
36361447
30934340
19849779
71414163
39205238
61156117
80901371
89600808
58699658
9262071
7199733
95480286
18321215
55505901
36745540
97918422
48799633
5228698
78012495
8629065
97835702
5826734
97878797
16659646
20620532
55790767
17372761
53510267
47529620
9315221
1485716
52996100
89827265
8763858
1436006
95645902
36210721
5043483
6228548
35774116
72890428
59006035
98431463
74212512
34739825
88261688
68960997
91116444
59216675
19820928
58809757
72814390
54994682
37231558
18817825
37418733
55100753
51379816
46622753
95056962
49938622
10193625
38204679
80810553
51915357
95046334
77240047
46997409
16434634
98745471
41576986
93678590
69195493
37198413
21547387
23774666
75849538
75720833
56956538
73250972
95360681
51215350
92917410
31204945
64835854
77470777
28352574
82725352
98784477
50783117
55388390
33717660
8512582
31346998
37308022
37154007
14574947
65052591
75352007
64137169
26167280
67632995
88957114
45860400
49432635
92009690
14112116
59650544
52959162
65202959
26313587
49289210
34892547
13157052
631547
92231711
83085860
76740012
93544445
75362026
45618760
20313491
13769464
66680296
64580440
51167955
62335083
3917845
92830524
49674746
15269587
50934057
57269234
99474816
20199594
17108848
25204554
86783140
10690803
62582219
72436016
22745855
85669813
46392648
58522438
7844356
19184608
76965897
95058661
54990930
23956068
72382311
11548904
63820917
77822890
24794792
14093684
29634330
57745537
70441677
96390319
88211550
12701203
51155034
30311106
87665993
53131803
41608378
55356672
11340528
72061596
98645019
91102671
19666827
29157356
65365981
78700455
78945111
26810881
87638989
96882683
22997566
38057333
34842580
16089222
27667140
87533330
92424902
48686349
85806563
46314770
99520741
66548088
41543424
10764099
94939453
43309568
75521553
32620317
11387635
16279212
42548153
5717154
90839692
80346771
17250011
82519221
91319595
40925109
25585453
88495194
55269806
71222485
10671007
51637832
73139885
92893104
44238446
37184327
6266642
48502505
21559711
59879176
5189366
44675754
76214604
62380564
91405935
69260063
95816379
25912343
52480251
12032548
42952312
80976832
49362207
29439440
20755582
33358331
17042293
84190840
69597512
94625602
89556516
23695466
78314598
15415972
86105716
76319436
28598901
2086877
98003392
92188842
52359989
35418394
21108439
14388020
89794765
54650583
26914491
73368566
89885066
77601277
23039248
29315908
89112010
104881
57749463
34800508
21588356
78946743
10052819
78869351
98122945
36960653
40343818
97754709
510601
33395217
46983152
76881704
91806305
63040722
84164050
43099169
17188344
1063336
47650096
7920550
59281642
91938959
2374479
68973851
24506781
10426534
58058512
73383878
45796614
28081429
76145491
51902302
52779942
45140609
93920027
37799407
56294001
82603224
71914904
77051583
76517581
47789165
42674859
26264490
85751139
26831653
16911903
45492391
56797150
25342007
82991477
67838404
49704931
8848217
62770236
59579299
12993250
91478471
24227054
51583743
41243036
55546458
72728140
88234462
39972382
25071696
45094963
67447728
76869059
38878004
86983430
40718913
90284487
34459239
3438956
2005698
51288946
46204574
66381179
97929780
7250528
89059647
10993582
14042168
35944742
28294693
37858306
70781996
45724510
11801783
12864743
74460255
31574143
74579003
98075093
22431414
46717232
50889043
49558673
433960
93357481
94741633
80693920
42447928
68676602
75664156
24325329
57361143
55449305
1738038
19332615
70242669
48544809
86958771
36542137
25058007
69359240
65690895
8362277
50342694
92851023
8856801
75664263
92249200
48816524
31318462
64055338
69918024
10299521
13731705
22271770
85405253
580440
6458456
15294954
59076456
75904410
64093051
64887859
22534697
21219985
63836680
44196058
13770656
70612278
17236601
63475677
44065252
56916034
41409500
29975774
51904609
85255543
44910047
3482756
77106189
7480006
77561517
89023614
31034870
36316895
31763897
78382693
42698153
26486353
74999796
35891549
15909896
90775562
10878594
36226726
9456463
31878466
37276032
28212131
40346846
98230050
92416003
34288153
27883080
37497831
66858885
54968120
74698500
42888054
27776750
61034530
16661380
37733511
74291463
20618929
38140745
43599658
58362693
60194708
48823666
21394742
56293296
94741362
32588410
54614616
4089834
21452733
79388209
7110883
9071246
35881098
74098621
45236752
6220045
78309726
61210968
6976369
15229356
66073384
96318419
62914738
27018411
61917362
39277984
96633862
22063343
49563317
25168296
99828392
3280996
91852076
78327616
34554648
68585655
62257236
66290100
99626495
41923474
2968
57264975
17023450
24809630
33441060
37252324
68691391
96850788
33786148
47438826
91049867
15213054
17513243
51506602
11421198
10010434
766657
86672027
7119182
39225817
6298416
95823131
33829606
71952421
3529376
83866099
93247768
79098749
66815566
70153879
25508299
80836583
5467203
88978349
50450397
95043657
17053889
36794875
19368434
94812944
47117627
5615473
27469841
57246350
11896984
31253445
71719494
88273760
80616541
38949210
71530782
55517342
71501027
50096081
73117679
82435793
89100850
2501809
50975880
46563416
86576391
64501707
82409219
73866686
23329104
25859463
69459157
68937131
57118510
15221837
70578632
62348
46124497
44791154
43568961
69615100
3987544
6841039
43423437
56575251
3059621
22203641
59863984
87475755
66116529
75011952
84485156
7372801
72735305
72856200
29536384
64735085
86259836
19907675
77012399
11552416
52919373
19604416
38628028
42123693
8533734
7629426
42249353
45019679
56778002
91029090
61132394
74072963
37283484
50027546
43069201
21535062
78807793
98726610
53676322
70646874
70248010
92505255
14806862
47839013
15865590
32043209
39083308
13048590
13359036
98481289
87786003
20743828
38232236
17772900
30492095
81196337
19868173
42639016
76014815
71852586
71875509
52621589
66982755
32810028
43091083
73584292
9532173
64065308
56756838
63176170
40560458
58367478
92418630
31886997
70408506
54019555
81142566
76157102
81088956
43419751
20168186
55757136
62390390
7687633
36068069
89978712
21620194
67008911
85605474
21404977
30913637
47499767
80993034
82164310
52260193
37570842
54226615
60875739
39717478
15033989
12111117
72366457
85058883
45054252
66806755
62566615
53733529
29617237
8755915
59552895
77062374
17887333
13801270
83488184
87486613
48687160
45914551
11589453
31444095
59281566
7217535
28606745
542124
70398940
63398993
36158172
78390988
75899541
2373940
66372852
27386178
86398800
97285862
62101327
5284440
21798338
11202666
70815552
19543510
18490000
63812607
52256788
38786565
9822795
80085342
10579291
90378695
35202816
67598911
2862479
42093337
269219
24653169
88626137
44937571
85109022
71999759
8344252
24447047
41205250
78543985
91406952
1224262
55464466
70840806
20413577
67600608
74154111
19603473
32494581
24985417
44111470
49663359
18702912
18887494
16199099
85382236
61536223
9883966
72833449
86535149
4328506
56733208
50019080
5079809
450371
20754890
87109929
74195944
77053294
37853426
45027279
66010993
39197484
91346484
73636855
27426833
21602227
49368729
20379188
70012402
15047832
60257347
43333520
96856984
46268774
99509557
21606244
52460569
33223777
68156144
72566498
80357958
52224741
78981321
10725897
50707974
5656310
55059122
98003974
22289982
80920258
89722926
83578027
45007511
84309128
34050148
11662311
58021297
4045773
84529880
27927725
22488696
33025553
95604927
54598257
33215870
38886882
34047893
7231610
84283983
32921523
79532428
46386286
72528293
68494408
49398527
62022249
41726488
63324582
98430361
50650386
10116627
24391215
3147092
49122697
72018777
48802365
28520199
93076255
18832014
88122695
26406089
24528650
68746208
35477779
25147003
25434406
59937954
12068555
33870177
39715954
5200470
94360377
8850367
71190573
16865993
12770904
2940543
33254467
36483445
33098863
24533490
64704394
85173608
88315700
20874178
96082573
87561217
57523815
93551626
98778446
47440221
76100033
33540525
96118855
4009044
3148974
86279263
10643584
62610718
5281090
45890527
39162446
79958108
7186411
74487018
37444625
47993712
96645808
10560914
64771929
41171763
30613981
14519082
61515506
12740640
28681668
70160672
9622149
98551610
89019178
38880239
16890193
48234783
35168527
4233514
21746064
4285028
80263528
37990148
9555411
73750750
57863705
3203291
69846397
3908925
84375054
47467965
45760657
54298826
43309721
78633764
59091691
86846889
71279447
27170776
51663890
18556041
60112427
73315262
47591702
73630285
91897533
66428849
77110277
19044928
56046849
88891330
22775486
89789263
49174271
10806029
5641611
63371200
50857995
53121766
57533633
39601013
86767194
86265200
81534266
89111797
74791319
55512657
53061049
4375790
6622170
52712135
18707106
53884404
93365573
27463873
23621415
52763849
83784041
50019373
90672460
55039859
82216492
70023139
66210190
93844381
18886414
6554165
26888286
14766241
35326384
10470938
84424938
89670503
14013546
13072818
81790523
90185196
74296616
36774473
66713757
3290587
44955005
63588721
92979689
44761207
93916442
22621403
56256482
1667006
64228965
59401599
38135919
95641220
87026464
95957701
24565648
90401883
59149891
57242641
77780356
99010389
81998731
72617057
67111086
2482669
39421529
20342377
17832748
23668434
18726761
75244380
78359494
88068373
25795769
68309891
29602330
55094126
37195628
70588546
87485789
38041384
27426859
58322102
16487268
45727890
82116820
87193983
99941528
45248749
49925595
78912929
49742375
37339126
17162739
46026321
78050496
56331368
22839329
10395745
72336425
62894490
96038683
95735381
87494870
18474662
6613590
10398986
90134120
64058079
50739778
66435058
21295495
57363965
95981562
37488573
86709886
55648682
99703123
88529724
77209438
52242074
44938187
31861696
43161330
95652288
89137601
68382039
29547505
83471496
72183409
14768761
55172165
81581616
18565847
93307966
41609539
52761155
94263754
84932351
37563615
21118655
13021453
86237425
58720321
56876960
47839734
26995557
72098501
74386152
72704635
25639050
5991509
40437263
26555608
54782869
12508358
92875459
97130685
47726973
63405680
92773562
54431957
12019679
94223338
94167290
92738661
77818836
80469864
21627537
77271559
63298208
69165062
29069710
66986121
15701703
46049301
56513865
72012957
53610602
95264099
20165369
17486841
59883197
13698192
77191988
18045819
69476502
71423909
90671810
28021471
60308428
79450358
61435190
72922167
76512669
60158784
53822066
95185274
83008450
97329591
80522768
42651184
90574638
28490699
93494181
60481216
40013855
73589065
87835747
938036
9246901
7929361
6234439
69166763
16042955
88400279
55077972
64985921
42651615
37180727
20801123
67370600
17885750
37696105
58373334
4023589
24869166
72654740
28986071
66607917
17176018
83232795
56591851
125893
12409478
66177146
9217699
13929371
36590135
90098175
98648509
5680789
28333186
77374957
6174339
86616812
47394810
4453956
41966967
77270436
17013755
67200612
67258789
50323071
76517995
96720079
56231344
74698563
87116968
98557165
99530382
80579502
31554701
76918826
75609024
56177111
97934380
58973965
96717940
56037633
37131523
52230343
49395200
74445635
56907013
42478907
90890027
2846190
71351172
96442817
53585881
85370974
61766803
61468057
884841
94549272
77372911
10555638
25513208
18790323
61129624
54901643
18686294
78689613
92066387
63485155
61505979
82899173
68334813
87849477
55380387
18642636
63715179
25460614
92055295
94157321
51444509
41106253
68553332
59664958
76565925
74475768
98277892
950950
93534348
81241785
57786310
53164189
91156529
64021148
2842652
28073144
6140277
63916364
3427538
67505445
92535939
48809649
49138491
24971968
88146973
23653548
63204847
59110777
8269940
49501612
91403627
26536565
92087608
63160893
60455483
48704985
46042597
1339499
72237852
71228269
27829717
80424057
24689354
66814738
85680954
940190
31215084
47577176
61082181
67078623
46337794
5681359
20060851
23029260
4096214
57252029
9083927
3529714
11043786
58137793
20650490
88070758
39503539
6974763
13225896
76384553
50215583
27883289
80960080
54108482
51010652
79866203
77166731
63512633
95439047
19240349
42881292
37365920
97030662
21566012
43613811
48162870
62331454
81818378
47969535
32176748
55324067
24905181
8789571
82435745
41444218
70564828
69169258
52298048
98646820
72906399
11265641
15453584
78887022
85064763
49692853
28518738
33433932
43812000
1408691
59254909
64196842
62470250
94788728
84267685
52800793
77425051
28526400
79998231
5219864
25008738
47332319
14604116
41803940
84791145
53152036
83018907
86426590
18018062
58082495
48958328
50481499
50245690
86822136
4110020
78244587
46528021
34533517
34828540
13123416
97061003
55938422
40518854
45717214
40993412
94737269
33354858
24329739
16815166
42387915
37019510
67855756
52096347
74644123
24042266
26391233
4300147
7103999
58174559
72944861
17294233
60914270
57705087
67511221
52278981
51385514
84467261
40658206
72818554
36371816
9258661
99936673
96778065
58684083
96375787
55322398
16483616
30905087
56449199
64203489
45936351
36101261
96208140
47596445
94068391
44226620
72068715
692744
21698748
49170454
90587768
54031281
11374544
3361918
8073155
83945629
55323450
98275759
86928956
17106752
4495641
52942927
62055118
12090233
78276427
74942592
59356336
7551125
98637970
83904311
31903588
9543715
95290455
34365898
50317168
19103228
23075046
48707725
97986868
55845733
33823292
28513290
30908832
73191132
58098467
94289716
1173022
51934628
21133513
76700381
64624084
53663953
51785222
14081850
42048421
57049674
8475355
9448152
9627444
63435133
80874282
14938288
45640537
26982360
56278953
5009621
74326078
66689240
97505248
10684334
99535802
43948289
156083
43375516
37850125
3634666
73318356
3743154
14641620
40880541
18120697
72605339
56553435
28351093
38377811
84931257
80929053
80032019
37199499
87667755
77380339
46545358
63232455
80717224
23722755
32154070
90074862
74881795
7776189
67277552
92256594
19399520
8329799
67045149
65113294
84220755
60563538
72277713
26594618
97760104
50651469
38061715
20215293
71563875
92762150
24913067
85473601
36840479
87852674
86162903
10103672
69285078
86419322
11915489
32051241
54440134
13594601
993088
68353555
30117974
28402069
99384975
85479706
99224306
81405487
99417101
92375190
26657406
21140749
88183121
79540403
74062590
14021304
58987187
17463133
93417950
44737747
76215062
89255586
46597232
75327212
1051684
89552950
77219024
96610250
24780526
99874913
87764172
92452596
26959452
49766452
29290029
72721501
71594533
50828127
88999437
56316650
55394179
1132738
62079695
56952184
61431416
10221203
79700524
97881236
12604262
56238075
35493334
59560056
27678412
97541951
53731587
59318825
89620631
52361217
46623109
99527554
93176414
9891755
65783147
24548360
56991255
72562577
98398147
72860797
48090877
6977778
59371993
20715626
50607800
41073196
24044366
20591200
96691057
46970944
46393667
74686378
75329307
24751091
25797229
91766713
13653720
95620966
53159476
37335621
91589289
22697921
74875205
96691275
66013578
12572877
30590929
60688256
45460227
54888046
84370952
23680779
47607125
69297598
29985186
23822541
42403285
39442243
678913
62199517
16263744
1223049
81557781
66386612
15054110
99682411
29514613
2457799
59183250
38250099
26277219
50289401
69120542
59468787
36723202
43272629
66197286
50078523
11798228
8325564
20480424
1409914
60241142
43366679
58065125
83640324
39603494
35661466
61268721
56290112
39286172
42868625
92423724
41891575
70192206
53249594
93303725
74126952
33471367
17494616
60879314
33415524
53302799
63001441
91690057
71545169
75959544
45281576
23267684
23539937
88584665
21131908
37276433
83971520
9914696
30777008
50175420
84584715
40731618
79977858
40595444
76591575
97725484
18818332
54455345
67627332
57559625
22225108
46646213
55860097
38907069
19782155
64239040
58927076
9770919
56370915
7280904
78959480
59562723
84899902
85905143
15884718
87791321
44172535
208726
92265779
5700177
56458688
69582181
30115214
33122259
5838310
24909075
10351889
12442479
22874362
37313114
74714607
21165934
79227357
35026939
52351369
23623430
27941381
64904743
37334188
50164289
47456438
77929495
68077534
60996170
28013096
67662713
12444453
19489494
97365505
7307579
69232486
50447362
41399456
37802709
21423006
66850035
1238179
39217922
19097033
17098873
60515248
58775283
47227874
46201218
5956299
36015234
18370814
63301496
26589109
98288717
87282809
91123900
28993797
24665113
34567179
10583354
49245758
34797828
45152233
8255666
99309044
59109145
75098435
88630793
27348763
51952638
20513792
33171524
24141418
91429388
20659678
80780281
67264543
27027934
31958755
77954376
35459684
51920092
28710226
34826603
50808685
75492734
6367791
60745167
96117069
44425091
54593549
42565419
65535391
95014351
41594870
38166704
69145135
24076130
21507877
4098315
88727053
87760683
63225255
51198107
84932871
67129940
74831379
20996022
82898160
909926
85087533
44935612
40514202
52025694
24433754
59440843
12862542
10063958
30562530
36208734
64131160
41297133
8163075
67288076
56608051
86438594
84527898
38278059
32928788
83017912
16756391
44280325
84492549
2020775
5492192
53513483
62563354
45863742
58587490
99008124
40038269
91881908
55130489
83322150
31910712
47942784
77013359
23503201
43761429
10496249
20409698
17759011
50051304
23303882
3575070
23614549
18530078
30088796
2519217
4924844
29957545
54530907
74635943
5758281
47619883
14795706
27408319
94700331
37211321
21204257
97136048
59426564
48434876
49871371
38499213
95855128
34026293
76372703
21420779
97447913
34335487
87884600
68140156
77485941
64247955
96953456
18577543
80145822
87796249
1701919
1628195
91717501
72656699
79099743
17851129
63206014
74939152
72417320
56572418
9081141
66888799
17621955
95145712
2736399
28076138
53296090
41018179
9814584
20177280
88011363
7053387
38516628
35131995
438851
12095243
63309755
35197394
53914310
20668695
68471784
91279584
97090152
7650169
34389764
83288535
11682898
44885043
8457045
79211548
28107893
65763346
86545230
43983579
8681812
51256357
40624055
42104666
1007187
19491701
12851192
93957447
7664483
23875776
56438624
94643200
7726945
7616619
85757927
27096814
59761160
51561094
40914711
19716819
5533254
80624127
25845297
63142546
54850924
42038125
96843427
73362361
97984435
17080567
13910081
44780573
47186306
93707780
26542852
83943076
70416583
69916875
54522585
87054332
35035129
4867856
61574805
48630701
12593808
27260643
72522584
48872394
61071999
96640762
95915486
96603305
99959599
24906749
77242027
57716604
58894682
5116364
4084281
89151350
59918815
52718879
38752339
10189902
24024690
54273048
48832838
8247781
19537661
2399266
14183781
71491386
76649180
882299
27792865
85999222
1659157
45489965
92578852
75581603
78909225
36412808
68448429
44024176
75401931
49173195
48240160
21169341
28865407
96944306
62249326
95723233
35949750
46343633
79723231
53634813
56049535
70797101
89701900
75047125
22608980
93849520
46539667
670990
70343264
16329882
39747338
61500332
62161761
41511349
97185395
99873469
46072920
81531112
36515198
86507028
80465799
89721865
37089943
91523445
36358455
99505899
29133650
57497861
43671764
13815636
84332250
50878876
11206690
15790622
56348417
81639651
61939547
55989797
2780783
82008397
58325687
88688715
98216610
79875889
11940579
1519036
59550772
51996282
19040725
38559871
91951444
80372815
29412704
10098152
77647247
52831757
35515084
29483717
10272661
59193670
2847452
92538521
46262824
72263674
75201125
28695464
25546788
21411215
11756739
92208062
85817723
43680235
63243097
97281970
15353745
41507899
61310676
59274394
77657870
98141478
99999983
71799858
32059377
52004714
94291902
99823744
44404268
96927098
73682146
64165323
81836228
8746086
52987296
87835455
19015513
97403798
12024722
96445428
96246186
82502617
15960262
15039366
38784820
43830468
44446696
86682073
13031300
99860339
44780245
69688881
37181763
57957306
76178921
44375600
65153875
78625448
91117532
89302083
9700906
43774801
91319195
61125870
2520848
9258155
70409016
34040747
6940291
89163694
11121122
42089227
23471306
89338801
16283403
32998560
72363479
82413967
17581270
84380452
52319924
59027692
107782
12905700
39531798
92824418
60542575
76377373
9345954
76145056
35168640
74362448
71555440
96847788
88430997
72597994
75702736
32130173
67894568
54457172
56646756
50019887
90373226
76629485
88583495
42023153
74539778
78440268
12559698
36125705
56448964
15565388
49165232
62510791
66958131
78406300
80574238
49154203
7249267
28910007
23970870
96654251
12916691
6169039
19788221
82622327
95628362
23800352
12101
61316365
27251867
8353451
53681985
53876732
64382300
55165651
17378286
41671650
60344125
91484390
6248802
79159331
81919136
83952159
46590718
92017490
45360274
64374399
68123395
1812608
95543536
56117712
13490736
10252022
9503806
50999938
62644900
6706971
28852625
24228493
78048253
74911523
5628055
98684732
25495907
30204645
73027055
63272174
35806650
62395455
3951857
31152605
33729358
60253636
45823660
91811392
19077128
90942311
28627928
69387487
71933125
68926033
62565017
80628305
22487099
28956892
13828202
37141301
73757600
51529706
91622767
65183234
97313834
23683166
32953397
71235219
61867554
15186343
24678766
45090372
36483108
46409973
55207484
14200559
11881804
82195168
67028412
22009280
72202143
86928755
27784307
72190646
57857709
52088962
31292464
5568038
6810551
5078195
88019584
32943538
12383220
54151858
16302913
51357269
84529736
18063205
40312169
80257063
13189268
94999099
35881016
89747726
81983173
12723035
36276500
75031778
71411627
58989233
28706902
22372016
42828465
69456571
98580633
37431479
40618013
35238772
75227306
90343287
45913358
97409051
91308592
74041229
78591233
56798510
31862183
43722925
60981213
91420563
31107174
23186553
26461254
60206069
78804413
87330958
93829064
71158518
45368385
10139200
86596431
63964142
13207450
79942257
976698
60753031
63899510
49848504
38939256
10349752
43910611
77001251
22548580
22886567
2577402
3197894
8324194
66769569
81318214
56231216
72982763
11338455
67404485
72874258
40526131
61807775
41388848
53691263
54454729
64761710
20283110
42900790
77753743
81696508
56457875
76881169
94420531
47112967
79239048
75649912
71603001
26863012
17254607
4216834
13437866
40231331
7100978
47909366
97378876
72389360
57518786
5201549
24886621
95497239
46010684
10296672
377546
75538958
99278209
20544358
33460843
13297861
29989277
16233535
74514622
66344657
58350003
58393483
85103815
71741536
61270915
40839385
76283183
21313267
85364201
66557989
85923807
7329411
17317152
60540462
25895767
94907970
62186790
30739128
10109435
4180680
7705784
6234458
12159759
43653458
12636538
89555000
5552812
4090376
25772033
20106139
83119518
70734107
1504984
53650125
71221939
99380003
83123982
87395899
7249648
152897
75656406
25663987
26682248
16538306
86638989
36414360
16364000
61568813
88354485
12464899
55602003
12243422
89773795
7710006
81837472
12951485
66097607
67184161
18563694
54470954
20738754
76144554
36224118
28559318
49880526
30163096
7300853
66375277
61537368
64270894
57196084
63381709
27083996
78413059
96498605
39348437
33891243
37250827
98022823
84483512
7766655
9074217
15623262
64848819
95863820
30686718
46336797
19632517
20678633
74346308
12603623
2494937
81876898
10103855
9758491
42911970
25722038
68876089
9966513
42186661
88576752
41481180
74130419
4811352
19114191
50030775
56837617
92354390
44795337
76149811
28252189
96205981
70079112
78716359
59587050
71626467
80463638
99472528
75704119
45091947
87715313
66638656
58696726
96218272
34144915
99186335
50485267
87923036
78538760
44458590
66843715
39461187
72518033
21220371
35550032
56027539
64776554
31136103
76428413
35575096
97750511
44736523
5102711
10884011
61462592
90615511
38504141
25479369
48164197
51390474
72272367
91207185
57864352
46801373
40152930
82571150
38082773
86504343
1594981
60167064
3154803
15187153
83915488
54823887
9236648
18407249
57069044
71673307
44999796
60057914
80862362
11625228
18133974
10956890
91379283
38465739
89426103
13047289
45140639
10449368
9529905
9268620
53968184
30341336
4000623
48896083
19414940
77396241
9939408
42315923
16137480
37790766
57532962
8954083
27836556
18142932
19774008
88539335
1097996
19728171
8937147
25103468
3859668
75576587
85270314
99615485
83779921
75996584
91076321
81803948
35841621
70636051
25418931
6105354
41281758
14943631
64369704
75653488
1871404
62398084
26374852
66072606
71443346
16953304
24681928
60910552
72170621
8241952
40756112
7441369
55285273
72736613
8563856
39134423
10822679
35239049
76342507
90532684
5277618
27648827
62034250
30885025
45627604
3309631
48724910
98876597
45930341
25596451
13373209
28027404
40323085
83685600
76401361
9804905
76788418
30109949
848201
21984172
4896248
10514325
10275098
16476036
33976152
58618648
56487977
35031053
74655713
44572203
39731124
86169109
35563017
85320003
72065097
17132829
67812586
45507291
92007487
20960568
3040839
4036134
44178573
37381471
56967106
40841731
40443992
55191252
23345060
14219934
45337258
27305872
18812351
81520562
30081210
59204152
83071879
8579000
15089954
43671463
65999991
34567104
82651977
17705026
6651403
17117563
20483130
25097916
44535135
52706324
41126479
71695752
510844
43140324
49551863
12146619
49946685
63433108
70575460
83211335
45142492
69447627
21973053
13921346
37235239
13555989
65113724
35301718
8096573
32622107
62915388
90535496
6615493
5831627
9255539
57458820
44300067
53238071
1640999
54417034
16053607
38196451
45080719
95979711
60752108
88093856
74284551
41946257
48618659
61162922
93796898
84119973
56197279
10937302
56810121
35066002
23038987
97058994
13670439
88840751
37750414
47537814
41448683
18230471
2883045
29616174
24833749
43259504
2659614
30673154
22704437
54326555
51652457
81123237
72177680
17815887
70280349
64513196
70002686
37639245
69415540
84869344
32781656
88869474
67586928
5018321
37013745
50123751
9140086
21467359
56236498
92828011
60311119
10255297
1208231
55637329
24675468
25086945
400114
98968897
56920683
15014835
14206491
82609392
34236359
94708010
78682049
18866154
81246180
43357878
37617787
97485944
77601988
93871009
52953761
5672250
66291424
54502473
12399240
21368727
93839052
39928451
10508101
70164842
46557673
95016382
37762414
1126969
24849892
78283199
99743514
56653963
14320685
44612208
45257969
88070443
99984600
67270965
95729980
63346942
59770218
56143861
53846132
8472828
86593324
98246951
97352974
35482308
51727208
78585623
85170153
53460188
92108894
67659200
62874086
24695974
71259056
90399684
68818303
206843
30722214
34154800
6535765
6776916
46843862
89501294
13622737
91132247
76155314
13982348
11835897
61391554
63610398
12974180
26332243
98827952
85422098
51806340
10782899
59069762
2467661
19202260
72579810
39079737
11925511
73310930
16536493
43200282
98642288
11826953
11643125
63952762
24298005
76114007
51033210
12692104
282632
79157054
96995721
1374764
91486065
4602483
12621062
10799831
32489828
75349489
47281737
36142024
72124283
800520
69124071
72598944
78513937
65025149
43428695
30462653
31187884
70295756
35332569
21990800
59155105
70965323
27755644
81103312
24647497
14447442
93166052
54677745
42858973
27949670
54126583
61116408
86347493
96577756
57874213
90057350
19364444
59963002
36796253
71631327
39740106
98515946
49010143
22941652
46338050
50732451
59690535
33026408
16154583
10815304
69218406
23884134
21446031
83536736
75282018
65044080
2573330
85576169
82087753
76021557
89666785
57942066
51618842
46515106
11952803
36796725
84468863
79607551
89874507
42900692
79504800
80250187
22191739
53827
58011701
53730625
36368974
18508459
23431118
55301748
22500851
75833066
35787524
95621926
1908196
10228370
13822975
16436157
46412095
51163905
56773106
72412154
68321065
71473909
55494766
649308
21341181
84212278
34266415
4530135
76651127
42184892
96107591
65024229
66213904
47920356
35096416
22412945
62602006
32094504
65895732
14456340
49610762
5314693
14647848
61202181
5600362
53773330
12893119
57416204
44161022
26127010
66664212
81720913
60721821
79475116
35375587
14928900
56186642
9710926
30026364
57188055
46327523
4473331
68203013
10511699
58630942
2640264
11646392
11591544
86656352
18388079
36726545
93828455
8544268
70829026
98379361
97561850
25111791
28583705
68612398
23139715
97686823
9895486
93360117
65602722
53702697
34068482
21504914
77533645
49191199
30902428
53523714
9986803
42126303
72133293
41244465
54029871
91022033
8230353
56774953
4884702
14624904
41119460
47906395
59143954
11699524
59850483
80292359
97911477
47534504
57638169
79384927
36809889
82617999
61602347
71444650
7004395
11428449
42873784
97589137
78281563
47742966
37584824
22815479
11961922
42707991
93275580
25710804
89424975
41621562
77896862
99649856
82849960
69070768
44832420
53998241
29257985
94137834
68894524
27699838
77924639
36101784
6524564
60153871
28276013
262036
96842284
93484965
36242993
43162782
57760193
51437626
73648406
54938150
12174541
85101399
23333401
55518344
61608802
39300835
87704505
8698153
60578178
41112236
91475806
37363888
58485212
97126189
14931678
77846864
33917957
67976019
26097400
54028831
56474957
29300910
85792843
11207920
53668966
84306154
54382572
64232402
95773448
14799108
42815067
57936071
65565932
97712409
69028144
84421646
51555964
67766259
88763487
77477977
81889344
39750339
12198234
50100979
6198142
19863368
58565093
52389973
48360284
32807494
42544759
54190613
1651075
93733255
59491608
38405721
84841109
18777210
89446988
2865973
50187707
22701770
80612919
82574914
20573816
54900039
98181373
99611361
32889265
65791389
32116209
94100515
36102895
43197925
21178948
63179975
37889793
67846782
45954487
73630615
55166141
70175365
38166071
63533056
77459804
87756211
4252570
88546039
34215151
93812990
26205353
398338
54418569
43107163
42665435
23632622
40460867
76003029
9261782
19980190
14262852
94335188
17295092
98203449
2206468
98791166
27268323
21258775
20906365
77242109
58623251
92382148
5713822
44356013
79672125
5738920
84794668
48923486
63687704
49895162
80734957
33172290
74874609
20256185
94310910
84531218
28889376
75148747
38482394
25184225
62396953
85058227
35150415
84392336
11332958
43803287
47683549
88423481
16184195
60566655
42742419
95947042
18662179
3793418
93845816
37573913
89019486
11471086
65664269
28890520
91008746
92008631
84658415
69653461
8763823
60161160
22415868
97839159
66318159
81838569
13239548
54182253
47249411
77903226
19141936
55646646
54320471
32196405
63437122
40969915
14896274
51149511
59572015
19566267
37713212
63846240
53941644
52551950
42935332
99079942
79958708
14611653
97016723
8277484
38269177
72078847
73007257
49325743
20246989
82620794
98133764
92289784
16549271
72951685
54651587
97911664
39143839
64160049
33240229
28628085
21500122
99249474
12968801
87591227
17877124
89225773
71483196
17278795
49181343
33439712
13004072
51071752
35197711
70682615
14828596
94253127
36302823
39345797
12133619
86815822
29717644
33146715
62279423
37606651
66871819
97215437
97847789
38523747
95927047
56015534
29690471
47157931
67157396
13587494
50538930
15482099
14437987
90336736
43887808
66968038
16869625
88505373
91927804
72194199
87717917
55089055
79639434
69962242
86626831
39097713
86195793
53423817
13295216
62037491
96138629
42925464
46647592
2125366
59943745
22968417
74046732
42465462
81012503
62974142
56855876
97293317
30847380
36273539
66863540
35829442
46707963
72393073
17865000
71197099
28077159
50463521
12941630
22859594
48277725
86742812
38163226
41663437
98570115
57955297
3062422
68662443
21162350
49429256
60036795
31133023
71944645
33486688
10317821
45517075
1320421
65798905
1944627
8599126
88933456
46132002
83884615
25006009
73776081
11173604
33785034
6077169
98106859
79323957
25634760
13071251
7819219
19871969
81006631
31611739
96154311
62415317
88396238
40244464
25900249
52572092
11822161
7320117
7032103
35719108
21453404
21518893
92392502
84349672
9157259
85369812
10046846
4924397
75637262
28618413
15890688
80400406
62956787
91161861
87169261
26019839
90842470
53641555
85703132
93019869
89016795
39413978
53024080
16824200
96797177
37339426
703208
54595217
43225342
16879220
14139234
6140220
7917596
36239210
98567390
24855766
48472905
47978222
16874853
65020953
66492017
92488539
52228737
7185174
40774072
98290421
67885100
92279732
92850546
85376782
70897803
28486369
60802705
13381214
53152024
50071564
675929
37618032
56172659
54169136
68527258
61239275
69282522
43457058
86095994
79588159
64398790
77388466
37286565
79583556
82194083
52551162
53963803
85289898
82829012
86914593
62335065
25985020
44436159
34957706
4587768
51873336
5540965
6415975
58161882
55432193
23163236
77385558
5150398
59521536
81161291
4124406
49506624
36434482
53172482
59457017
16696946
76773643
25816704
20189180
89642937
92878636
92116086
15552669
39483341
80018387
89743658
32221137
23213982
263584
81224522
81925274
96732909
82138706
34694
2664194
40018527
32636610
72215444
38601902
61591432
36433537
69248146
4806434
35966854
85237215
51931603
64995240
25218366
25195759
5969177
32121277
92423960
67937157
28697082
35212245
43431702
90930017
79245242
40893540
87343172
55795922
96585732
24297140
48332665
15895838
21473124
28884096
97774208
85980604
26818728
55667492
17876978
8450265
29553630
81010480
7789068
82383289
70963299
51865681
5401915
33364419
1300453
89104316
89857022
4750491
8038986
86541144
10633698
601555
86021671
24995149
75711406
95993745
88274098
55077550
47435547
34597802
395871
24142833
80903755
48892938
1691611
55268938
25799822
49447315
44428709
63061782
22366826
38419603
89807999
93727054
52484414
32641994
85329156
32413250
46640213
15451540
55081151
52017904
23576154
95662043
71411096
68890258
6285445
65896818
21321903
4768585
68110433
20407527
11376657
79925061
27864087
87020481
18395145
26057667
51129840
89008247
22174396
77017574
304076
40652575
39474946
93931655
79778950
87468479
89338705
24918444
62574685
67038214
80214228
83891305
99795188
93716612
33773817
22091907
34238846
47394268
50071960
72043719
32269994
15765250
28310671
75507068
7129849
22147976
61814408
9953685
49994036
28169226
74632875
57656949
89873030
53679722
83721612
29505038
40322825
28555236
96345750
60421797
81295202
27460379
44036072
5523718
43995733
95736306
55366702
67536296
47233562
47192262
52106816
8743514
78767497
49198104
30011650
92576454
57252708
33350027
46427038
80214032
36360633
1350666
73235126
75313946
39970069
20443336
73292401
95083236
11361427
5397789
97766765
42471607
52175727
9640287
1321653
83557430
71149660
47388313
63567838
64453309
97668169
64091487
60742529
69460068
4821326
78733544
45459741
63115429
64953330
16172636
24517205
92752996
5649968
21832644
33402927
14607251
77598577
92498529
75475632
95918463
78918341
74558294
54937068
23177542
27370149
25168130
44430207
3205348
26464685
82379296
53690179
27869802
828675
29567393
90975109
90279896
77922931
98697330
22872840
1170562
69442214
63623354
17955060
31477970
80967783
6128164
84894140
18435127
54822611
73323888
60488303
124184
98981943
23438632
33503657
95266909
40602929
85281556
82018324
19196267
4481461
44860787
82348184
54334349
10671807
78395256
4647150
62660049
43415708
74155095
63599344
81476190
7318036
84787876
25365896
22676569
69388584
28717911
60241304
76526249
93874970
33654426
28500297
61117157
84874727
94868904
2179553
62024009
82335489
94071119
8923229
31016941
76451707
49886930
14763759
85662108
22202254
98386346
46614404
80868499
14292929
57752362
56756681
18474053
12652395
24998206
77428056
97362742
73593995
57163088
17637846
9714694
58612591
8152878
55201328
9310815
64327526
22561742
16588377
98819969
79235930
91647393
41167537
82465201
61126218
96253673
84350575
80731065
17107938
69110237
53819203
73835416
61121630
6375508
2112415
39554503
44007480
54605031
54017981
6591933
2178831
76076635
83276022
25733275
90274580
7436688
1165053
87992170
64096514
8144768
74477231
78825731
49986437
32642899
90804551
49757299
62513715
34744844
98125955
59014180
36454467
49243828
93713345
93462810
38531580
98621498
90647156
63433795
70633994
59975686
38988716
99989802
79319381
40287133
10837791
50934443
18768875
22934296
41577787
14536640
61491055
34294962
81089974
75333184
23649973
18312213
27539560
49695058
93168556
58437197
79755374
24607195
20334195
97390211
64445904
18857810
73006523
86869295
29996282
5486443
28636438
60671249
62652453
71709589
23922122
98353725
30371546
73568399
62589655
62598124
23881134
59457035
34581102
46123945
54039812
63943649
85524062
38750721
24566208
15346801
49142429
1776876
21201538
60260526
7640531
69211769
20615947
81171092
81421676
21476971
11576687
99413451
49196219
30375494
66611366
48437097
38279830
54885226
95050255
86724576
70054102
86179037
37031845
54623043
38953941
6580919
54578062
48728349
1262267
80268196
25156185
48839563
58975003
10181462
52795790
49399938
25472396
92301468
32094976
43703439
19758397
38969589
88431811
11741289
54026515
22516802
4863184
50561975
30246261
15991438
78117027
3276822
39810944
63965582
72405505
84615329
13572568
68156162
26957792
43323620
19763792
46808349
52119529
69256904
18184659
32629487
6672476
35565821
51156610
23804928
5311226
75853502
73307974
2478636
78745898
85045576
57386761
17325195
46353104
18708886
19930815
63678284
35776390
7421078
99238522
84767428
60031205
76510783
78052265
33612466
16010047
15361713
23947436
70388790
96223023
66772438
58094338
87001994
233847
20616824
43830761
1903059
95539262
4518013
86976368
7537609
71365877
87474791
76391114
67131876
10643178
90723476
48463955
1666342
32685231
79300391
49798463
30943752
27898782
1567400
14954596
99552076
78490531
72807330
39165617
89512313
18587109
52387476
40532324
57558777
88766027
60966700
12429038
24668300
23089809
32565360
50990774
75409210
42234051
36306120
81493751
42542580
53697736
87337899
9693038
34893096
5152432
90153377
52803069
42384988
45741497
95039389
18060982
54281380
29907465
50458953
4810121
76867927
76373498
57509179
27955348
14736504
393823
90788682
79071302
89630873
63493024
32002655
59288863
17699707
77597777
21426795
51676455
27101256
71707720
70816981
80735954
11502866
82234445
23574172
23663216
29189081
63427138
67390232
92395061
30172832
44246454
82123694
74853713
23001965
80108821
59811929
65234404
91941782
50329079
28744598
48831058
20155970
9995641
57060499
95800914
31751796
6547696
92426775
49577495
46617365
80108900
41673592
68795237
29945847
19770827
62081921
43119572
4855413
57980191
36701353
67259251
86076147
56478
88373274
92673990
66826362
48696300
65946997
95430270
17513303
82626938
24603736
7106748
94051847
50606957
88930577
65095644
35803603
85539311
39453075
48823230
75030139
7771488
96051688
35128070
40958258
82744037
85735661
32437150
74964223
46712393
36774336
52309978
80033793
5800776
89953023
39910357
52251577
71484474
84841482
11922508
60028303
32020322
55743542
58802550
21539960
45124842
13689260
9953195
16000801
3258113
11851512
37438541
18877611
60995361
47516206
8918905
56811888
84511688
99860023
58401643
93000628
73549081
89011784
88579635
33072757
75218292
48593264
11963004
12907679
41488255
24163464
91713814
26516918
37617211
82307726
71438205
22446727
21950882
44195710
7612016
84958218
50919657
80034232
53897734
53432918
94891653
87618419
25594394
47670463
14059442
80555174
34077152
93775288
72413624
64547863
51830648
15059050
23380506
11572904
25601079
20263851
58194396
28795837
21686732
60672836
19262722
41572591
26357065
26511906
37011825
53161338
83528095
40098796
46449456
18053127
8569735
81534188
90493798
92568262
1055887
85493474
90027487
43399970
94675278
9353934
70022916
57171898
26460825
19403150
10295840
12863485
19503575
53789051
82206765
1102330
51303829
76057266
73630279
43479387
24821796
9811069
90133198
15068775
43985457
2321390
59555225
63959632
22830477
63981949
4258618
55023196
5839521
60459288
1907971
87048939
90426576
48465698
23025085
96312712
39757732
16064519
98445669
64260464
75745573
36082469
49896308
42180110
58615426
59767434
27820228
51385334
15722270
93693714
1501526
78606989
95885266
30573045
99576601
10659998
13045531
37387978
96020465
33197289
29963361
24947710
31808604
67640694
17744696
23925891
38399172
86538288
3037360
42406480
82563192
37675114
63216081
47969354
55877384
51891648
52347481
93911277
60047222
47011092
82911
50875779
63396612
8565198
19355719
80500335
9854994
37236255
79632920
598163
46776460
86488390
75506712
43142067
53947819
32171208
52475276
21103090
87578379
59569975
21995851
3218746
8342687
57089241
73947189
76602573
46211544
15577571
21429809
19657793
14663265
85772067
9836519
59793781
20023419
85382525
77966206
74641047
48667199
41292745
80022225
69701847
48393080
4764661
59727438
43434106
74392294
56736354
81317902
28840556
67260842
43016016
37859316
76293223
70619090
43314096
91985851
99059990
94041487
37255871
1792446
78132789
96331533
42164892
76068573
12083606
78747597
76366622
13562521
92745400
53596806
51632237
77206687
3830768
70938113
29056844
5609418
96287187
3355795
53958765
53980879
91412410
41065948
23355406
24349904
56630622
81132255
58595534
38019837
20062723
60910690
74357948
35038581
4067502
47960419
88506900
32209434
57975513
39193676
87772018
69661241
7411883
92566062
63662035
27436042
73649817
89923678
16768137
50397181
44166355
24039006
52798005
16678323
48157077
66866828
21383912
35198417
48022420
90186596
48554871
47163254
32445777
55739295
21069771
82635817
46608018
49559149
31476119
61249750
69250172
19855848
18925553
41294682
1552759
21913222
43035281
50680601
85124210
29533578
74504095
25235848
63099081
1126726
92713717
62669141
37586222
8144325
63705473
67191009
9480081
19177371
89204731
87630047
21505167
24410809
16578666
20604806
75052711
81321465
26415014
67511849
89265266
28906310
88972242
11563623
63329426
34826769
12909584
92621610
1166451
6036044
74406261
87593098
6588632
24825459
6504140
59034751
73222616
98893555
78418573
28657899
18936759
72696222
47266557
38279425
18953687
36570528
40970759
1983530
34113425
61749184
6972639
76733945
97013515
84196364
4659447
51060210
73043280
56905612
29637663
15477537
78200711
25490127
48833555
66047848
95845394
3850871
47150383
50902823
38405288
83370959
99668948
59822753
60799440
55524216
19275398
80663461
80511793
58916868
13074763
60879593
9113590
18903705
37171301
53877944
48031769
51218384
53033200
22514478
81505883
27346089
65246660
23917864
13469375
41454986
8192989
41170139
58427105
49960289
29210473
48505443
41341408
29996649
36449231
8223269
33057519
74120159
88064910
12929677
15857652
75494046
58443296
70446979
76578741
8968828
83230286
99535613
66058190
88222093
30763050
38935721
80281345
68120567
53799411
20920791
99138676
17862805
40477659
92151594
87751788
43806217
34941321
58238570
13494888
81257229
94031253
54451079
798858
64574929
2806993
94410238
43623449
72569174
76787721
49769491
23457409
61127424
51122320
22341899
76867224
96764757
69511824
7284474
91043512
27749763
7053650
39901440
37288653
56035969
48672314
97172500
92857550
10733671
84895336
14666661
34308983
15807961
14728398
66674040
8670458
96305215
56636433
67812943
4445915
2557029
14688858
39634459
30781752
37012772
42919874
56004327
59299912
63488243
8512714
19624668
4671741
98048228
85058772
2229582
35545829
90541721
44273349
14253184
42338255
63114198
2576113
22142227
25854694
8270910
77643281
79413346
23752405
28857422
52699450
43739434
13249958
59517551
64555401
31301012
29669570
21215409
78426294
25966383
5658302
53198910
38387471
80344788
84295065
38854144
85125343
17698871
59266098
2982667
17517855
90571179
84261186
25679420
80894269
33047091
77024221
45634099
49511310
71662832
26322841
59693519
99097538
21264985
30097195
85527374
65583074
30028888
75407255
44031206
58206226
37680232
89647372
35764021
5187923
66915222
84866953
67956651
86038203
42176277
86819968
66726117
68236139
98534649
97924780
63577517
24143132
58528966
57303044
30452800
39639217
57863518
27800303
3139898
36003510
60310992
81325669
73104048
48501832
36326055
98753642
42618084
5412192
3945085
75404129
85582320
52746500
77554207
98167103
47423228
40151879
76222561
49162113
76321455
14731640
21783807
88787005
40698935
56695921
12132836
91254698
2178956
66873899
1472224
97555524
18949633
7625506
3960328
81331473
92106413
67080048
30336417
34863950
40371598
11676415
76786329
30808034
52785192
75683825
3276291
26188838
64188900
4552690
73478704
18215740
99780290
66544507
79976833
5385181
93484619
64904321
39731820
45829574
25802372
11413169
16063672
14453055
707639
31788459
90457506
25358347
31107553
62856916
51570206
93800033
25429991
31122170
6007865
9141982
4535074
91881746
43950566
53064156
39432033
94983144
84706851
82515564
46611936
33201996
17300076
29134081
6544154
96443339
72051217
67861375
54569474
76949640
70893742
84368297
91441953
35901298
71924537
82869368
45061997
77388728
56744571
82075211
63522806
29480465
74679767
51062616
31149729
1264340
2139195
81155216
5440490
26711595
54205147
65604710
85191447
54086876
85050374
64360747
10413329
98150107
93954057
81383013
24839470
34562869
66831393
61220886
4437745
26773907
62386912
61330267
4821219
43621191
62324260
21516205
85928134
21081231
7607817
81920055
45609783
95243218
97977086
49160184
74300293
22529124
41450556
83205850
64669124
57366915
66891926
59963317
82099313
36954249
95782908
30628635
12664689
98449363
87240128
34849171
72646087
94388131
8467751
79775189
98426660
37400700
98180196
24436095
74624978
4992104
61174565
9250875
46057617
92472400
89907542
20498800
62473411
85952276
38323026
52916914
12007173
11369361
68982743
78145807
93867723
54362000
26385624
44604902
80684176
67523629
27664706
22249198
43721819
58140742
41619850
84586913
32776302
19660235
14043256
24233858
22652939
73190330
6996628
87175876
56446295
21289650
16012334
57329608
32813764
59554871
13943944
98492958
97500246
48370989
63904687
98764850
42587965
31054211
42295393
38431731
41023588
25325849
61966594
32774420
64038489
33186695
78229654
87081671
8957341
31017614
70978084
86447384
5317343
87745536
80343279
44568453
74503941
50932696
79644554
3657913
21183665
15576804
39608771
65277146
24785795
61466406
43572289
1612017
57215179
83650244
91590737
5490590
59576717
49255158
61327213
83882098
49547460
29123884
69168567
5968430
99800238
88315762
53460485
70678308
95488318
89060104
51984357
35129371
46255598
64376208
51567693
36616093
38345300
38304500
14620112
79340889
49699350
79629312
98274340
53465095
85178263
68653230
10235962
37349165
79937960
14524859
7778606
170360
46792935
18097894
85790300
33259636
91240917
60577723
45403363
92639674
91258161
62551142
12321873
74370117
91777520
7897750
56939951
57573811
6198344
92667505
51825358
35732113
6168369
74020667
32284812
90358126
82120131
61598837
36292902
95554631
38393950
41052951
93153804
73634685
71107602
28609670
60013938
8406927
59585058
80224312
35122718
73096289
43013763
30831829
79317458
17998724
71695616
76140085
86253716
78193041
64227639
51810868
28492782
93720367
94659768
52947907
97748225
85770816
4111466
17319883
29627405
33928279
59829700
11624173
28135098
21753922
21878385
37684656
78071397
30283179
5949830
64828267
74269476
53128055
69848064
52219030
11924195
67721282
79814960
27265499
27459415
74093157
19843805
62143666
90236316
65210623
26856155
57640081
3522527
42706832
85656925
12345988
18435534
92924459
73216899
94800732
5474465
80073083
68280511
1833281
17120304
57192629
76787404
47350076
82754660
12956169
72132656
44979373
21771342
83538438
51986768
60466545
21497145
53185344
37370474
13019449
15500793
60362333
50378891
4938733
99183574
88531542
40678398
43270361
15055032
54654580
61012725
54462341
26572686
69404559
80968575
12452111
89697129
74417136
3868570
84054032
21454330
63084179
55083304
31003668
91234047
76727061
17547336
98897451
8222840
59498851
42492455
19863050
54465363
21852976
44263740
91450808
48663408
18591454
26101185
37156675
63660990
68095856
30754014
25410554
87583414
90938033
77809427
99596407
37663788
85540613
7717819
66394650
31437732
6821113
64895878
83532893
5485724
25506815
57022172
17345928
18512520
80102517
39772226
75698754
2564282
12372361
27517894
51263548
35799650
16195623
68282295
69076721
40687661
31924570
22636979
37259842
72939515
95184472
5529144
31503819
40126887
12628096
27361468
76347174
27580831
71511844
70671321
42652073
55507763
23475775
20830275
23684358
7570917
1410466
16268028
14800088
84223531
7979952
74578600
53664394
78044389
98106611
40920851
53685358
86829551
92249883
22453798
82033998
87314530
18443008
47420130
93018931
18449176
35378487
33185298
27462233
54365578
66811286
28223888
45634190
5562945
70908278
6191409
59322229
76003604
51928318
16224805
81518763
2751984
36030768
18319709
4814378
67671936
13257549
71350614
90505795
52869207
94889574
1754581
92823868
24813258
84386430
28553681
50635700
24453259
92265871
87191306
81338708
22734491
36026561
2495470
21174525
99608841
43950205
98810683
30209378
55490134
76201058
14398835
65957554
36060881
61127800
54548092
15696129
77677389
32728731
47073672
4830055
49309162
62612185
99698789
67860943
23629143
4631399
63557040
33598464
44710295
34337192
99889821
96251840
87599419
87437675
6490017
74045508
37179248
33119050
52202357
28907319
3375735
17508872
33581802
87208880
65392663
71817768
13026109
77503241
8272946
73922949
37695657
5859660
57405140
15436375
58431872
22559186
99316171
76530521
64027491
38964958
44404494
71309838
46983064
7497272
7516478
5241267
21792078
81429457
85856815
67525998
73231576
31318228
37038526
36214386
13594387
45440946
76934734
33364604
27110637
31067839
42311427
45995386
61001926
25200122
64632096
68417353
46622973
32202330
45590807
33475791
47202917
79891290
54497818
92790934
52275351
80069484
8122547
90588323
47349574
91862748
9768614
64528588
29824014
32592558
17709015
62598915
85011445
90932116
39931618
28993190
12881879
46016928
96065462
84098983
28538356
32619611
72883138
20936747
86847234
11458418
74908695
20035656
35779588
95739976
2816034
21573299
3337980
8254010
40203890
71256468
85618255
42909758
69008055
2158984
53459468
22062999
27057678
73713698
97481309
24571717
47490972
4411205
22194255
22863176
5563739
61301908
634339
94470292
91072993
58127882
6101293
87144614
94569606
13314972
40211118
28209188
3580328
23053730
73278072
30897228
5161847
8134578
66531742
41874758
54736105
58369288
86344975
30375979
56084107
3011800
99654309
23564143
12878761
6948786
25085633
1495171
53181514
27305994
68511508
77189389
85797909
8349885
3764801
40756280
51483387
1143443
87919269
11648254
53428742
42524995
53796494
66762734
17822435
90052667
59652561
19546302
59169467
39957736
5383003
5658426
67333509
8029812
60010280
92472445
29121440
89856091
62165029
21712405
88495667
72644958
44889373
74587239
5002637
55452811
28856082
66149478
96052379
73353764
59446822
64123824
50212049
16483184
11369037
96051764
65385675
74163368
83311673
13195900
92856936
18357616
51501044
2664996
4409276
13335136
51427730
36663272
30204713
925378
50634659
70806983
69252064
78993967
17394634
29060033
23089151
84126924
20944903
94780786
56812504
66190104
36693444
65430006
1159097
58208397
63798282
45994218
46256752
56407259
6886249
9148411
44002199
45060441
40059730
15614449
45345575
63922077
23404104
78542586
72585620
51629320
48364491
90023786
85839395
83088459
63716107
36433474
58350545
37409629
34692286
63333251
57148118
52113943
85642878
30163328
91416992
60885418
27188815
96790156
98065408
24632606
35179918
50802992
17379772
67605988
83290288
68324216
45527045
77229855
40728105
49471797
70700198
58194438
72750949
1790620
37232632
60963503
82213268
49562674
52790622
69934732
13615140
14505896
47063850
78864496
32293793
43272442
61322445
46874631
38665288
72032345
86537119
16442974
72490873
24108677
93499183
69560312
48878988
67981300
13237884
40284418
16945057
71280916
49790892
19114018
3765553
69117261
7259131
79151212
50882080
14529279
99157379
54918376
78065620
84816627
19585936
53491718
45541579
65043276
32667492
16134474
15976029
80994219
72239103
66368276
89533621
10491532
26879823
25142703
4386396
32556982
51458449
16709207
50101342
48756703
21445824
7583124
66937734
88900966
73358163
87129557
75002997
79491013
68155510
96139388
23123866
6394150
79537151
9552958
54627962
6954902
83310954
82724342
62491173
68463085
76376109
37265532
75710283
48551233
18260946
33332023
4797537
69755540
47333640
1637862
12142900
81281357
7292090
32252924
83733594
90938979
26620231
74572691
19814013
73172767
59374381
76092529
87061671
25379513
67880
98441718
68550907
52317137
46696846
55104449
2802206
38663583
1159841
69496621
62786896
81341035
1261688
33848346
86929860
73165683
6990510
36912297
78362861
22779517
62330969
28092152
28230378
76826800
81691841
64084381
41227574
41429303
77658122
26647426
67658398
35850443
7780440
2607783
11717517
29380939
17799744
77616538
78324122
87072620
94724262
53784944
78740799
42198845
49113833
71302347
47538096
94077401
66144404
96522712
25332590
12009098
43112243
24474867
29421982
22672696
48706051
90283578
24176847
50842849
3821317
910294
38846390
3595734
55857323
80929469
61569566
34151634
12609234
62161910
92854488
93978047
37508838
16817617
60885810
92601110
48676737
59575911
2042548
3440080
16088778
809432
82652438
95750099
91086585
82148295
18095584
86002124
97989995
93430611
77623762
10468138
38406249
86197168
71436432
42358457
22983060
20541004
11384376
39412059
73307138
40012743
40084791
12293849
80002272
86704291
16808751
23640217
84781552
77358629
15244998
24846031
56722216
51852119
58079473
67350392
22547839
61453956
26508873
63438000
71602400
72500881
27228459
85758343
61069359
13445669
79293713
62460808
70115895
26530834
95965917
77226430
79185186
88526320
85090523
3965488
78359535
62671445
74997996
83134124
52148000
89385401
93474089
54754170
73827041
71583673
34093007
1572202
30833117
85438208
73884231
33807896
6619646
47328421
15775934
51905844
84519921
78990073
22713283
81667727
51547134
62817993
88233865
17380618
68871635
77927687
41228067
84717337
68418182
9480326
9626914
57722376
90761773
52986270
23556360
62128371
7462947
54549578
80467593
53752892
38352066
57463213
32805803
81792084
54071128
8149923
23115005
66178503
2367503
60730893
3681533
22769858
54778649
43492546
75733009
52472270
46783412
31419237
30649906
18168206
40118589
80980266
76856306
4324122
41205010
89836019
80087628
57655269
79484228
26498095
16448766
23405132
58956878
8176819
77292310
49753430
84306603
40677012
93163658
6369828
55804380
62612939
83834564
26656454
25041766
32419850
7566777
52835617
31474592
18403013
24818963
39688721
85932275
76618640
49587817
2813532
64388591
9207619
42058204
37170619
19495518
91299846
58974869
13774569
15793285
97540947
43864445
54987557
45422944
29219517
16483076
58290228
4193624
9517462
77346168
81132001
59731462
53452148
71361700
44089845
78412867
32425125
78285014
91623986
63441389
76464966
9106343
31259553
27746451
8727965
14579139
73597574
70766531
88058962
94717451
82290360
30225408
34772474
54118305
79471166
60329669
96650849
68471964
29232658
42467543
62239138
670297
86312061
59493602
37438880
94103951
29713660
1204785
52357888
76932294
593014
55330447
99507355
62818622
69408510
51931568
98829157
41127117
9647111
402001
61781986
74040223
10428627
12059273
78846424
83517130
11480034
94169337
18671625
27435814
99411099
73981844
89532136
39548357
46359314
97432482
46275279
19298066
24134174
12161726
17443386
36050501
87173278
30296852
91656348
99360727
43652496
44834170
32146379
79994335
1873
41579515
20710137
43447370
11711529
38542828
99885027
47055673
33188993
83963308
99345752
36868034
56812151
26459272
19680937
59698221
65472714
71285194
97687364
70540769
81659065
67415150
54251303
46222940
29913120
9283283
72020560
40926769
71054914
84830638
22863761
31075089
67746669
63605174
45001879
34068362
97251977
32904270
68405467
79443821
68748948
73891319
57578938
94384643
35547904
60473265
65298799
99610090
93210576
49705923
49343747
50245732
48558036
34694930
21582717
86640286
77683694
64408807
34130187
56108894
85153493
39961099
20252050
86449162
61134363
12543228
30455894
76850591
1801361
60555242
29604175
68817089
69921802
60675562
76449553
31441701
92358150
94426556
90769514
99627020
82921522
57977528
626358
59729921
1656021
13068719
31377554
23032775
66728460
27571107
91519610
10499123
64010710
80893464
64466148
45233393
48280408
93664003
23755004
7021196
94267495
3948255
74523702
50412135
42739005
86733531
20564475
48654469
68640546
71369229
58547288
56697692
20147206
25786392
86505519
57749364
71729729
88905270
28280830
64856915
15879548
8862714
45968800
64342590
36148932
1058390
68412388
45356816
29642875
54747117
17902537
72906064
99368145
10749488
53096318
48085703
1560305
90451204
90727391
51260959
96637538
59204668
15018421
96917969
47699405
37027224
69384134
5423257
8326317
38525051
46749192
24047614
24096138
22602348
66365171
34269900
91752157
80002811
50848355
11692288
86621533
98658702
92595967
94730316
77391859
75139545
92559002
41968849
69894196
75670546
52378718
45052217
48935616
13027880
45667313
11307224
87287744
8787297
68383981
35531955
22089386
17920018
94763591
84312177
8748054
56263266
89439855
13671948
25963034
71757385
80651028
79365400
88952433
8808944
8255137
61971871
54801022
77794812
31996292
99292509
71422134
54842731
17021571
21818443
39336298
78203786
99006959
80977770
67950962
80605047
22815336
79807046
38195955
83017278
88670834
86264807
76295867
42678772
95459240
79191918
30643737
45790837
65076885
62830881
51717731
73310109
49016429
72960931
22199869
21970644
64979500
57348564
34545026
66413106
77099084
96336094
61944749
73429281
5827966
72046129
90329015
24248450
68022323
32416720
39093354
40930276
44705211
65269546
24234090
75533407
97425785
60869671
2158483
89973646
22405788
49741546
91556492
25887097
86274580
5602079
33510124
69399384
51705910
67717991
46810784
86168838
40594517
32268092
15557027
2860270
15522764
25137785
6769501
4520542
11911719
93157082
19790251
51701514
39207616
32939290
85301300
22149882
19553820
75643802
11488115
77849909
64595984
70225490
91345327
86526413
16655657
49421865
84210274
11342001
10829499
18994993
76673361
42469245
7768415
43100280
73504094
39323008
47915011
34640472
86992748
17208288
56655981
56936430
57384660
80338679
9917729
51877793
69110871
68754010
14135024
63887291
78293420
71187815
71264014
96884457
85615869
78667108
27345470
25854871
4890086
8044091
75470058
6881743
81022216
94455949
36690448
30989236
94580806
39478929
11907138
5177338
65351298
6980031
52068564
63530805
48377089
18701299
5829239
2070527
99034369
96579567
65276387
23231978
24511098
6781392
89431599
34763856
7459279
80289526
23416110
13072843
14370742
32753424
88250150
32803719
26013439
98826924
41214738
78958418
46739852
63023292
46487164
1300179
54244591
99954098
49123847
37568531
82143436
28483676
59739187
29098008
16840556
41263348
15280674
62846238
91519081
89528474
8940938
26814433
65534284
20621691
93958547
45607269
87535091
18399451
95470903
67985296
61101073
48185516
70475138
70332251
5606202
23950391
12519055
13096654
76515220
61776171
29080571
81050463
37519900
92342515
82812752
21761082
45229571
15928561
16276205
9233654
17195882
39425068
81066725
72062498
28403916
20102145
25034047
19118787
20270104
3408145
12946594
43158249
43897910
85163596
39567558
68205278
14229076
90739838
76479498
39899864
62024741
5709991
97884829
78138118
56192326
62835121
66970624
36360022
66938414
41779838
85182573
57774346
83367298
71849822
57421024
3840252
28611283
46759015
61521624
29379568
4746274
88827944
73944803
18153264
11545157
81035714
46671621
57442256
12179119
37864172
99072905
76898331
34604617
91330640
10809103
11154284
4863613
70408173
22258727
44574332
61233003
37915373
8518386
83302837
22305714
30865922
89446612
50684050
63990228
86894790
72020822
2389761
96749880
14493120
19457763
53461209
22771351
27926062
98045648
10227023
34856516
20059006
4422760
37308855
99331940
37849875
84628015
56142320
88179834
41972486
17725133
81478658
38655472
41781869
52178364
49103317
50715226
80669894
12736726
71352387
50301801
93558162
1893191
47477919
17505241
32730095
76698996
71970085
60233880
22737434
7270420
53782770
87128407
12111084
51103324
25745229
44078678
13025069
38882250
39463793
64356907
1327598
8512375
91180334
24348960
42307334
62507409
35883963
89288544
74655563
8298671
30774381
99630859
13507711
37300773
60332539
31023174
48009454
46403328
25083072
97577951
73939441
23551760
10914744
87826602
20702585
9386711
37094069
54484714
55793397
15670350
86144424
47334919
46654141
27638356
28058758
72078576
36776109
54171465
34894418
51889025
4279704
99661577
94086635
41691551
68667836
42372915
82344154
41698536
32139835
18008505
26647113
74355509
11963713
21923248
19843545
27064846
11136579
74973265
42794889
96670463
78665861
71814178
24273752
54047299
66385438
40842590
92275499
55023859
48241311
29623159
49478340
98391073
89121658
15506825
48811120
40752477
77672555
6329365
73592102
40934194
77371911
58118658
38242290
63591163
15672243
42374440
9679642
21649979
25723032
10748638
39857696
41672683
85049288
27173333
28259453
72381692
75488052
93184167
63908835
42126965
26105796
49570451
33444762
58629985
62048853
62002373
64256295
28852637
3915065
77995112
89894107
95570344
63159362
98268632
91335712
72434548
28586037
51882136
92608947
29451596
13512453
98117725
87745610
56443891
63881950
28066771
22595752
82149702
32861525
18107312
37938237
71738103
32959796
97208015
40878692
6664598
20257653
40137569
89928890
73797343
25511609
30864603
44593248
8581183
69562850
24868106
97727046
21617675
6332147
83227348
5699657
52877092
50759618
98280350
13304745
35655084
19312347
9294163
29212136
61181872
48675939
54552462
87371190
53703032
7572766
99270563
63488606
74747601
30167758
37226248
81848031
15485498
54080540
36001791
33655240
88776556
34408663
8662468
34417658
5473745
63830869
73069057
59338256
39190829
52773190
55148733
34363261
44356271
8763152
67602664
45465779
36401262
23258077
1475787
89103147
78400700
56259883
81099819
9323099
71625848
3950540
21834843
38786379
49787621
81565095
30804058
20206273
86043664
42542629
40756682
16487595
24428160
83138176
75039228
83077989
76501399
98679035
2831221
68993691
12958713
28747661
15069520
70494819
31622266
39980241
79273030
59877395
1349923
96775790
98878597
63756504
16163813
36890127
63276989
96321253
89914673
99598950
65349498
70619391
69324055
85450886
33644091
85534376
17010127
46449942
22566962
42573079
19775167
75065281
65792737
78208337
32719853
83778426
70146772
40729220
19202208
55729489
84444551
90321206
87540526
60996530
11120800
2317031
60078483
36443834
67783845
68593033
30182956
84811249
13742914
98328561
85117956
66599529
66334126
60008899
49846532
34065987
83483246
55184811
95822228
30970614
85861299
27862643
85660803
64479495
98381355
5551217
8519536
69442166
80855722
59491661
14520949
72430035
37228966
88611371
70047119
94245072
91424437
91253694
84347777
57481246
54703323
71476454
57970750
38943030
56749630
8056058
79073428
43493160
11422923
61688045
33561037
272259
16877894
74727001
50947727
49075320
46246044
11781992
39409757
92425569
82471201
73817418
78045356
12071119
71527092
20879480
40288295
55813685
5503063
71113572
57140063
64606329
59464694
81115874
64180862
43851569
8441079
66484996
72635835
50560156
26495031
79991774
63306961
80648829
2053295
89512127
88560997
3842326
24306892
29439634
29540721
30215092
51674142
79111117
77201678
21071771
5721318
18430556
61846866
71965846
65556187
1358644
40598982
7298480
68934046
21130853
51075746
6044919
56349634
56746999
29483821
20456688
88680760
86856120
25683713
21832424
24615721
80237950
82753514
15444137
28454895
16200658
69015360
87265420
50262333
77259748
6066323
7809527
49700301
9873603
99927205
43822258
93303613
11041790
12735043
29844852
51941438
39527321
69950967
75887551
14298623
99472894
8709415
6790024
86207026
27775922
54273108
82281904
59344436
72367678
68884168
33368851
96371493
84343955
8648130
48342093
85821723
80626204
14843670
25785612
78366274
59624387
14266110
3137915
42468231
4701140
64364375
24866710
45363266
8672548
76756093
52979474
70631796
89121818
57824792
80210627
19449903
89934775
95904714
28460191
85508991
38962777
35152298
46775827
47743787
60676489
1002995
49389907
38572324
53366092
2369803
28308167
98856941
80907948
5503552
51533832
62185933
23660344
94739377
57455887
54432521
38645856
49500230
84570017
20350013
67920840
2747898
35145667
67785209
37978650
81298380
41613016
37109255
1418806
92441750
91882207
13671249
2389782
18314263
47126062
77965272
22308471
51779871
51069105
77105517
8998273
61252211
60046458
65898508
50358896
14189345
29162673
52400549
51822657
64063181
8141020
16842368
43096610
57489693
83578764
63236217
2831285
56407930
54443316
29918619
4525976
45462918
23872742
87013102
93609931
64039981
76886562
2857318
97603816
22495534
50501294
92835752
9681846
98447568
21848247
81009966
39583067
70243632
58996609
26855725
44975780
11489010
43880801
69004213
27989817
90361879
72274222
48514630
72276773
79217716
32664824
50331872
5581021
35181034
92358092
57516656
35305283
61910671
26246036
68648748
74258470
40162804
43747325
15796152
43437972
50552635
917605
22561562
31846860
5990831
76022673
17385265
59734194
21475384
88747609
47079697
73150907
74741319
46573888
5103919
67081826
51988036
4815881
1381295
37175405
72013235
32186021
63698534
48299085
99569453
39019761
30094500
50700430
16078620
36288856
43528261
85398920
82590455
79133316
71244300
24685846
19475337
34146836
67022027
40405434
95866033
14451581
75228747
94336958
48528679
5200780
10682212
77768996
8336513
74072675
30695663
41814315
11994760
23029084
6414254
97951361
92256654
20930387
60441091
1010710
49719289
31840009
6493894
61047751
20722567
20794745
78312777
33031432
61537858
87395686
63094168
5705004
54060946
41710770
67954888
85080896
89445035
54934353
79030730
46011139
52485282
73097509
97708852
63985992
552645
91777896
30178366
60961633
45532397
58072131
84420349
56381254
35335963
67518332
66390804
73717592
91874360
65114361
80649495
13949234
65321839
46998444
68262929
54804755
31262585
75323060
69188845
81699659
6860451
76771365
91575644
55225808
17799000
41540924
72094988
50812031
48594406
28833753
13663183
16512012
56867402
28514623
41585301
932300
76776594
26321038
39492992
91614284
72549025
51927351
97785133
11469303
43400729
77299930
43268426
77002638
67624912
4937706
16070193
93146117
96231212
87416282
61725717
30333212
63021252
50948706
28741100
76609545
50335900
13152771
91100602
62238665
20121044
16668044
20221117
73012304
17600659
21842691
33273827
95538071
11879864
1888789
46122137
77665038
81321392
9269835
11508873
80709832
66050001
79145438
69498606
6234295
1032653
49321316
7284415
39920094
90801859
13786553
70926180
54094690
4845275
45687276
96482988
62061108
80553237
85749845
90633760
74649215
57334379
68984196
74415681
4320585
86390516
55252600
87478586
23431532
4434222
3390863
6320839
75248669
7444899
18838128
76285043
87839793
95631438
80521522
34841031
99413795
31800728
8578039
41339543
87157880
48920368
73673658
80217990
26050709
56197162
1992095
97043597
95490064
57232240
38826389
6358076
3077610
30307408
49554069
2479366
31887783
89911974
87303255
60350405
78688378
65019282
28273924
24831600
45654861
49072785
54256373
65586102
28640399
11952474
37804134
72837230
55094096
5342761
96733181
32054971
46960048
61915545
54398847
28508423
3897578
97364459
76245379
13783003
45057404
33810050
33165047
12929208
27928383
65011903
46388341
25465879
41031398
90475857
71333412
56868499
24451279
28507544
20488039
75338872
11795749
98044579
44120070
83374069
88024483
87644612
11293616
1282312
86165217
41424222
50604607
50164530
59468874
77960965
87731209
24243829
190716
52499861
38298916
6333190
65585253
50301518
4307144
47823325
20308573
91702284
75459118
16323724
27755808
3763503
90849334
45844846
42160701
13447985
90182156
17067839
36862841
27114136
62327383
85528988
24869658
21465800
72791352
71658913
2901773
95113273
34521136
8285973
30339743
67278462
19249876
82478181
33958144
29059250
44212668
4373350
49175353
95087061
85514800
13088041
75221022
21350589
16282804
1945443
65010675
14393573
20247964
88146435
45426071
50482165
71509
2470732
52456328
52960043
96979240
28357557
18935827
57768293
7251423
46990014
12393805
50840651
82223924
27633600
6372808
36801754
10663009
25936036
94006295
56067946
76103901
39336188
89284904
65274694
45695223
47626319
90205095
85016478
39625531
15820892
34975643
46579638
53981753
12467368
24185193
50037506
87176730
92038107
27903349
89970329
73156124
43125867
81645384
30881396
84404986
27061728
99794859
31742179
84400007
65255471
22814380
99175737
53171710
26219299
62840833
1899991
26312764
65377588
63023294
83168920
66267959
96173098
32032492
4969909
10933988
32619956
23574087
66873427
88089484
11603480
47833934
77849960
44427928
96086769
39021300
62307208
16583345
96631399
86305648
56742742
61173086
9111886
89055962
12060786
68629762
5020081
19013715
18068812
71545225
17561818
64289586
12711412
65595113
25590158
42607771
95151019
39784873
25602431
89737933
48829580
69367518
92269943
45435574
73432372
67504878
78409933
57893962
95737752
92984023
20023297
93567507
2428584
47901435
76866555
13035067
20898475
69609595
96618800
53217776
95346713
59196346
5929673
24895048
49129478
87865307
50372624
48702720
11535098
6142590
44184234
99116980
13321862
6211112
78946821
16661998
34402077
24291193
80193083
50528162
59110596
22349626
9048703
29193215
5245286
39690024
75184878
80404272
96305423
95554444
23940843
19802595
81096390
93541226
67502850
37303610
11652334
82717376
33659846
15373418
60760594
15569715
19903484
18059250
75883660
12925995
96343578
73266614
92644543
63120464
2754002
50946847
73307481
28459373
61037869
50971923
55202283
3815149
57316012
64672298
45005468
91510938
31032195
13219444
27958685
24284875
29678919
5849011
33597281
43087302
701466
64038967
87444986
80063607
29734426
48150252
16934252
38922387
35599473
63688101
55650103
9501620
65771811
75699984
20157669
1170919
12216615
68254474
48943030
32239270
48615640
41361629
72484555
82330048
71793532
82628772
64398080
97047385
71642578
26098341
46512263
95878098
81919361
64334130
41188084
66803248
65195514
41252403
97234501
48213432
78101495
79784620
62857340
60862787
32627185
9879724
42655619
81981807
46815411
65372202
37204376
32830686
47759441
85666931
50651205
69199693
43328867
89560760
14169240
70449196
57870826
28605616
92424163
94810543
90621985
31028814
90199187
40024176
35521140
97045716
53355374
75136237
55017200
9904204
61295919
92816339
22417085
95882942
15066614
48216700
79477053
43687205
71533850
32355387
23012130
22341822
24314608
76675806
94810236
46417711
82964811
53061196
64272097
55407971
43994452
24754600
46223184
63901924
16557746
29219788
83306842
79022213
34853694
74106307
99669183
12257776
63914688
97855335
63495457
31602050
24229484
96614374
9393124
84531004
33493384
37693322
15219316
92063617
86189021
3105051
46759817
63549895
36842667
63365886
45707878
45664467
91366954
46880051
24188833
57476124
70948286
68176919
29044174
187527
26900680
51638750
23114313
68163559
73307496
4551532
89525014
86217495
85167394
35890650
22784829
12997538
26625053
85757577
47801566
34634819
5173335
80748743
85069451
24535449
97689535
30929865
53322402
11763645
66669505
57496074
57121211
32162452
40115350
2372527
48729917
24955715
3276824
75287877
27192780
79803891
82982193
23869207
83444731
83778754
48108107
11445828
80966882
35332781
9816436
84375633
63696980
67369079
9771395
64957654
84442304
37078498
71133588
24841815
69424684
8053610
83725386
47601284
62428343
5309969
64881710
83031440
74340587
53589028
112226
44873939
18622932
5411462
20129279
63150815
50147797
85575890
87132446
48262373
89774455
79629844
17088081
7061467
8221656
9252441
18563668
49581210
99385744
51544370
98856012
84758667
38251136
11077636
60351528
47827843
77439625
77629394
13999095
7334233
26570909
69208206
98557089
14126499
6716571
7300535
99037636
3578880
46808448
10257252
54414703
82852282
37633443
20645722
59166342
65035653
58410292
45756706
43124613
88858839
68269702
81263273
9046120
42612390
53445729
73920850
60931903
95393644
22426537
77885336
73296811
33986349
56886015
7818464
7471357
45881073
56288425
94161735
88584852
66599504
87298684
16245099
54993085
72140983
64189135
30215577
81220372
29533849
86310633
71951975
81089922
72478453
44208953
31223765
33704685
48726915
46419504
52855534
12755191
98790522
39614877
22999334
55566366
16185230
53763521
75078678
18728885
16629648
44618312
48863296
72876486
56312969
95477544
13188601
36506884
11216086
70143524
99901022
20498878
45015947
99457901
31232426
40713845
2781076
69404058
30634733
71993466
47887488
93805572
43753342
20346475
94927854
38474555
59394470
19223720
22255046
89561283
54095027
58427921
61356015
7693074
61072834
26287960
6802249
60703699
94133105
1462195
97556465
81856787
29541662
47335389
8971015
1423522
97397036
50574708
98695237
52403259
42506262
76748810
64454213
44669324
79445395
87233653
77871710
13107014
60741998
51008758
43310353
28660121
31899610
78212791
21705334
681300
31224378
33866778
30275091
31411064
97425605
3614598
69422075
1960332
37060711
10233665
89023752
7903832
40178481
9369264
27517956
1905735
55026426
15508945
22650669
73771482
50639852
58487825
81802765
1447435
17303779
78061463
10515854
1792757
87969944
72437905
7255622
94583565
63093265
69735858
20842859
94408608
12885753
42116599
26103045
51686531
92484
7419125
94266145
94800285
53286260
59178929
51222148
24514430
20008251
21064860
7294215
16086039
40935584
32914303
79315131
73432071
50705787
37814035
18058189
49369836
23099156
66879219
64057212
295254
94066005
46437086
1907492
76531859
67927687
73553117
93300041
48434657
38269219
4596924
14394315
67941088
15121869
61013341
57121767
54841959
84193193
61342204
66578967
292454
55667462
18729927
56896403
38147672
20950835
23031723
2727848
823818
34684445
4935117
7783865
91092200
33507929
4134421
98522414
10438534
55398922
69989514
66731435
47808292
49412064
52820096
76636929
78382023
93294112
39830853
27755477
19404634
24161399
98108906
97359515
59329674
31988772
69371043
13305965
88989870
41198753
82040839
71428899
2631218
34529596
51130722
87925322
70871512
97573155
6315643
22577262
11957470
17269774
52745931
49735659
15481554
42294708
26377911
10109748
43238533
75506709
44695230
9262319
38121791
71667266
53752625
41298982
47114734
23132104
44834936
6324329
6921476
46568042
65167725
45798957
85262765
61025807
66248137
97937546
50963330
68491912
43167292
52944751
85245997
3406803
81624607
28278754
7638450
42670456
2137573
68850280
17544314
42992183
90273161
95588908
28681371
43117286
53372483
41066132
85874924
37794888
33083051
82185262
91418130
64828251
8352013
26556923
23093231
44195466
67787211
82257329
93471358
44119225
23267902
72895775
1094951
59219384
6908947
25309199
14691310
95674079
75932928
8934232
64478069
68010206
90323376
91504227
5565566
65996932
42967401
96777214
48793312
17545076
1540300
47228265
72480644
13581248
1181393
39943675
45929461
18884710
85078643
31773267
86312515
74875408
16353041
43040110
4766699
3739725
36298292
27988478
14582821
30018896
21955541
91284103
13408204
58711492
99786794
22400229
17398863
33655714
52136488
53496138
13258499
7515490
75538913
26140786
3899062
74164624
6883340
63157116
22642205
19339148
12763269
78458578
74463455
35262745
28653901
86556368
92587598
5560082
60568297
87071237
71502167
65143168
22308544
1187697
32159195
48271033
66764410
2734853
85815377
8149844
19339772
56408986
94841973
22504577
59932524
658778
33734167
49067001
51175622
32040192
41348312
73974935
89701480
47632037
35773248
65634647
86482841
28243916
66554297
66900371
83475615
34724777
85281095
5577590
43074953
27862380
60962532
33577330
88384660
84061924
55797373
37297737
59901657
5685189
94813983
89025926
47999979
77760344
9789064
59873662
43918461
48912708
39333584
70276026
6287116
62403249
24159839
26871778
76298249
13794660
76627680
62340447
84156983
85731771
49429809
16541355
77882252
11477581
59627678
83394272
6501415
30708768
70377651
47295123
28248330
99109810
49175304
89630859
68185049
38870148
53986080
9903798
10609561
67498906
32818174
77435545
80006732
87311767
8040108
25608727
91849593
24186776
47596400
27529956
68026957
40346668
73487678
97664661
8368374
97642210
55140645
30614992
41783216
16633839
25136020
64783268
42592109
61510775
84644593
91494271
17405916
85196085
43566841
30914059
14327347
80082882
33234978
84527484
29509665
22891528
25982734
5133504
68945661
46322260
81576673
67337416
65940104
66594679
251194
23518462
24410565
55883838
32883805
9792003
23335517
49782582
36792464
34887846
21047915
28266259
21940822
73724649
33222485
97460
60400433
56341485
70669059
53516011
86186860
83692865
36314128
55758965
94504397
93919246
83091738
51459792
26317186
12227393
48156481
35498571
98354534
51980180
67517838
64199228
55719810
61331847
10884022
21001653
69919149
37220729
20321340
30943361
44359829
61926683
9234642
54063049
56284202
94599794
6296670
97604399
65183090
91900131
89712685
54763329
57519340
21534042
53668379
51638098
26716074
67618296
38264681
99615878
60300692
34698543
53224394
67540910
83030708
17774792
95011056
64619846
1905357
48991400
86432595
48932734
87725530
86561622
85604906
41546677
53201706
75046653
60017050
19342627
20092092
61686917
59053799
22874217
71854019
66580131
40743997
70695746
52112507
47153778
96107464
96928030
12055776
41228929
36715442
35641682
73681753
84262065
37248605
87048692
30334087
37726116
10006783
20968618
17326852
23515925
51832932
60098649
25644688
56558180
37670648
89451340
17159935
31945173
12828524
85347092
91436730
91207788
28658226
97280014
58118778
9123787
49722288
72570901
38324314
94213300
83041195
42298343
11256812
97408554
29419453
3510495
51129581
64213322
590424
94950071
23069418
58929985
83263736
17045153
36263548
10032237
760558
8346311
12688515
31371725
83954827
78649728
3491690
48911001
55026406
76575226
48409675
67506983
16956763
86945310
35177179
30053025
14438735
67180612
72427485
8218566
71126721
55742945
76653529
34577127
7679726
41639432
41427484
59818268
85455994
72577048
65222073
80201236
39631066
75944274
71603391
3498884
13023774
53992069
24427894
1354697
30607187
65511845
67219846
61830440
93779282
14372225
56402890
94095944
9540087
46963755
50281943
61763617
91682797
68537001
54483913
22080132
14409953
16841578
91455643
45457751
41299716
84085242
1246858
16935882
48726627
90335582
39319208
74657909
32861983
87919472
13638141
38513294
18103595
7802975
36637095
86051905
78902928
91002835
95273943
72736041
20059073
80407935
15292230
86463760
5845486
80719723
70863253
85548680
1010259
44785207
88549137
89003818
11499306
78197211
13224186
18630948
53668847
57231206
91596517
34698989
50376297
25864329
19293960
81830757
20081691
21899473
21623206
11331137
46156700
21829065
24888543
82576867
72887013
84595010
18111636
78431530
72907210
68605940
90069477
30703747
59061416
73404497
84172574
32333699
94653375
39049947
76246736
20446945
93448824
92454689
80626442
97383819
83718634
78506696
72367466
12112110
51407729
71108136
1269199
96367965
52171073
48893708
61571335
43037780
6256075
32623239
73674445
67062900
8692481
58998718
22995824
3043914
78592897
62472902
35377332
23670110
8030803
61926941
29840990
92478118
55898178
98089505
90421849
41004054
70943209
11946705
47504201
32884425
58264658
36570226
18889980
35120629
19912053
41287246
71637261
57667426
41139969
37900267
39492126
72516377
25508021
10589657
82192318
32809975
39477492
14890679
90922081
83728776
13252730
23281996
13386889
8912732
14903345
65193136
28565464
96283287
93403852
30284798
84710976
77162408
75483787
89210748
7022393
49612080
27556275
94751917
74827393
61518542
76855400
37983316
21214840
57858467
96853447
96180064
7665490
52671008
33979997
60436944
14177934
6347136
10835380
11921597
93449126
27444844
29893404
66183412
99003323
9798977
31532331
28601377
17903954
37653818
94827349
17932259
84420130
97513435
47689180
55727667
99084083
52113493
83611336
35287058
39497761
93409978
72722610
522281
94329302
65689616
1376438
31219875
12697371
98726622
23799551
46078014
14482844
90967514
72284968
69474305
72212598
55733471
95342892
81799431
3554422
69446506
59347361
54902564
80676256
76852454
76588396
88747965
84421425
2171689
37338777
34689287
2442928
67875592
51753922
21856171
78790311
55957844
99723334
36797039
93616536
96770987
67777321
68027483
79571295
51916633
52721419
40585731
71523019
22784190
8960980
67071888
71771338
24678518
47885274
32060984
43507360
90435718
94410188
22515913
6962661
31592639
16776250
9868667
25399106
28755410
53029853
2574729
15798363
9464166
46976077
49329645
74869969
86246916
22267180
91729343
63121925
5215389
66611500
58754468
87004235
88678770
27610353
7335646
37775763
89892758
64381739
12132427
56834513
21415331
87474183
66399272
84297952
21676677
92012034
32273432
34208546
91249750
34519748
11937003
98059150
54671330
23012553
95568629
89485515
80529137
26570827
69762224
77807878
35078676
46828626
25620650
14430806
83506603
3237121
77522309
4390392
25779775
45109806
10509274
3567439
75404290
87523307
17493536
99231783
76833125
55491924
74965390
39011047
98454955
75071090
83996470
96563010
8469759
9645729
44868306
35206999
36250617
84441146
13194163
62057688
93558629
32256574
51130811
97831158
37684209
76639454
89155373
64336623
18351220
63240045
65553861
21255146
73494008
34582830
46660451
19487254
97438281
93467534
29897951
69870739
56288210
90413270
85667186
11945298
48503146
88524268
25216683
33877289
5778937
6211010
83307469
99972033
41743920
22727253
96308310
9609544
35949826
36451452
64695490
78605409
51952508
9903762
16070292
91313733
3114142
30618829
23679368
8722397
96517239
2945673
97710856
68383246
64636377
65679720
68953665
32644053
20541216
39632545
34516149
25164383
619562
97921245
88690960
96625379
49243171
77832649
21941717
16471132
51859027
99489084
31504957
3027839
38869849
75672760
50933307
33030850
87719946
63897709
73789376
97664367
7869704
97779619
2313757
19905153
72672265
54928192
77879341
43295656
36044601
30583796
76952475
26782686
21680240
89728681
55397509
78417494
81036737
50899872
5530635
58178392
89518208
47317562
99793402
36892123
25063200
27623253
97382239
21909285
70238390
51642206
52514735
65014722
81153693
98852747
70412758
11608153
10482652
847651
47612763
69537783
92983644
87133771
36920323
75497328
65388412
24787380
81873491
32112829
14698278
52936405
65767633
73287647
35181063
18441872
69895734
8542749
25538128
30304304
29743451
93208794
90178323
66841831
68081721
42581416
49903510
75311558
76093493
54149701
25103102
14527296
31100207
89415824
41859955
36417885
35233687
24272639
50604094
22405539
40292843
22827759
72933838
69375798
91534669
29947245
82320837
17930163
79775176
91197879
63659312
21359096
27723015
99506276
4422591
66792569
4536655
78326539
32985810
6739071
60690025
83605315
8411005
43402988
17825942
82434172
5364090
99586159
24052287
63233668
40220455
26871320
18098236
49930770
76897036
26569456
29396421
46135491
71956780
69135892
98711050
44291146
44121093
3425590
33223416
94049868
70620732
87324018
43195994
61266272
52735388
5542128
95121954
13380861
22608215
98044311
97391997
40325900
55882983
18728756
5487573
76201677
26593031
17590114
73575629
20349919
26286756
27606976
7811186
61641828
89733607
40651056
63665853
52157664
76969644
74924803
61303607
54537556
30052517
86491160
12709840
39165081
49583466
44298820
35788411
70351063
75680019
45073782
30788766
66670837
1386270
87768228
44342527
87785496
7188947
56150607
74302931
15682654
73502215
38013700
50202886
92080666
26794177
32945751
61589726
98185427
55787863
83780236
10545965
91819855
68370240
5932132
60750961
29464936
39839726
47083030
50747802
30288304
29081852
93168118
30428624
70360176
91032111
78157990
35363967
