1520
2050
8768
1046
3403
5565
5716
6553
5103
4832
8119
842
7783
3248
8076
3148
9643
3530
7474
8395
6094
5161
8222
3418
9554
7634
5183
9635
9852
9837
3486
9136
5298
6756
8612
2944
8965
4508
2442
6789
1916
9234
8858
1951
1247
573
1201
7814
685
8300
4688
6569
3790
2139
5873
9552
1841
479
8348
9547
2809
8791
9131
921
8499
5628
1652
2027
8074
9989
4472
8347
1400
6976
1770
2295
4276
5539
7189
8530
3176
4400
2936
3140
3565
5994
9164
8406
8531
3168
7216
3355
650
2970
7905
6535
430
7252
1243
