3388
9376
3231
9802
5359
9376
4626
6348
9376
1876
5031
7288
5332
4441
4602
7014
2239
625
9376
2865
9376
192
6363
9376
1640
1
1
1310
9376
7336
6001
9376
3252
3931
1
3534
316
7229
0
4959
8048
9113
8478
9376
3960
9376
3513
9376
1602
1
2188
6686
7709
9376
1
191
9376
625
9785
1
4004
3543
1
6176
8411
9376
9376
7503
1729
3472
9376
1
1
4191
1
7651
0
1
1304
9376
9376
7679
5066
1
1
9279
1577
4936
7705
4466
7409
7202
9514
9325
6935
1
9376
1762
424
