3655
9376
1
7298
829
9376
1188
1
9514
4998
7992
1238
7418
9376
9376
2244
4176
9376
1
8992
9376
159
1776
1
3761
7105
7502
1582
1
5350
9376
7122
9376
510
6529
0
8868
5284
9376
7425
4651
4710
4929
1101
8432
8640
9736
0
625
4780
4938
1785
5589
4460
8326
1
3240
5509
8629
0
2565
113
2621
3687
9140
3747
5736
359
625
6532
4218
1
650
2994
7356
8785
9731
4849
6549
8910
9376
8493
6946
8939
9947
6722
7700
1
1
4753
0
3698
0
625
0
9376
2972
9376
3119
